Using pre-set license
Built from '2020.3/staging' branch; Version is '2020.3.25f1 (9b9180224418) revision 10195328'; Using compiler version '192528614'; Build Type 'Release'
OS: 'Windows 10  (10.0.19042) 64bit Core' Language: 'en' Physical Memory: 16310 MB
BatchMode: 1, IsHumanControllingUs: 0, StartBugReporterOnCrash: 0, Is64bit: 1, IsPro: 0

COMMAND LINE ARGUMENTS:
C:\Program Files\Unity\Hub\Editor\2020.3.25f1\Editor\Unity.exe
-adb2
-batchMode
-noUpm
-name
AssetImportWorker0
-projectPath
C:/Users/SO/Game-Jam-18-12-21/18.12.21 Game Jam
-logFile
Logs/AssetImportWorker0.log
-srvPort
30479
Successfully changed project path to: C:/Users/SO/Game-Jam-18-12-21/18.12.21 Game Jam
C:/Users/SO/Game-Jam-18-12-21/18.12.21 Game Jam
Using Asset Import Pipeline V2.
Refreshing native plugins compatible for Editor in 47.97 ms, found 3 plugins.
Preloading 0 native plugins for Editor in 0.00 ms.
Initialize engine version: 2020.3.25f1 (9b9180224418)
[Subsystems] Discovering subsystems at path C:/Program Files/Unity/Hub/Editor/2020.3.25f1/Editor/Data/Resources/UnitySubsystems
[Subsystems] Discovering subsystems at path C:/Users/SO/Game-Jam-18-12-21/18.12.21 Game Jam/Assets
GfxDevice: creating device client; threaded=0
Direct3D:
    Version:  Direct3D 11.0 [level 11.1]
    Renderer: Radeon RX 580 Series (ID=0x67df)
    Vendor:   
    VRAM:     8171 MB
    Driver:   27.20.21003.8013
Initialize mono
Mono path[0] = 'C:/Program Files/Unity/Hub/Editor/2020.3.25f1/Editor/Data/Managed'
Mono path[1] = 'C:/Program Files/Unity/Hub/Editor/2020.3.25f1/Editor/Data/MonoBleedingEdge/lib/mono/unityjit'
Mono config path = 'C:/Program Files/Unity/Hub/Editor/2020.3.25f1/Editor/Data/MonoBleedingEdge/etc'
Using monoOptions --debugger-agent=transport=dt_socket,embedding=1,server=y,suspend=n,address=127.0.0.1:56788
Begin MonoManager ReloadAssembly
Registering precompiled unity dll's ...
Register platform support module: C:/Program Files/Unity/Hub/Editor/2020.3.25f1/Editor/Data/PlaybackEngines/WebGLSupport/UnityEditor.WebGL.Extensions.dll
Register platform support module: C:/Program Files/Unity/Hub/Editor/2020.3.25f1/Editor/Data/PlaybackEngines/WindowsStandaloneSupport/UnityEditor.WindowsStandalone.Extensions.dll
Registered in 0.002456 seconds.
Native extension for WindowsStandalone target not found
Native extension for WebGL target not found
Refreshing native plugins compatible for Editor in 47.57 ms, found 3 plugins.
Preloading 0 native plugins for Editor in 0.00 ms.
Mono: successfully reloaded assembly
- Completed reload, in  0.539 seconds
Domain Reload Profiling:
	ReloadAssembly (539ms)
		BeginReloadAssembly (48ms)
			ExecutionOrderSort (0ms)
			DisableScriptedObjects (0ms)
			BackupInstance (0ms)
			ReleaseScriptingObjects (0ms)
			CreateAndSetChildDomain (1ms)
		EndReloadAssembly (420ms)
			LoadAssemblies (47ms)
			RebuildTransferFunctionScriptingTraits (0ms)
			SetupTypeCache (137ms)
			ReleaseScriptCaches (0ms)
			RebuildScriptCaches (27ms)
			SetupLoadedEditorAssemblies (165ms)
				LogAssemblyErrors (0ms)
				InitializePlatformSupportModulesInManaged (5ms)
				SetLoadedEditorAssemblies (0ms)
				RefreshPlugins (48ms)
				BeforeProcessingInitializeOnLoad (9ms)
				ProcessInitializeOnLoadAttributes (75ms)
				ProcessInitializeOnLoadMethodAttributes (27ms)
				AfterProcessingInitializeOnLoad (0ms)
				EditorAssembliesLoaded (0ms)
			ExecutionOrderSort2 (0ms)
			AwakeInstancesAfterBackupRestoration (0ms)
Platform modules already initialized, skipping
Registering precompiled user dll's ...
Registered in 0.004991 seconds.
Begin MonoManager ReloadAssembly
Native extension for WindowsStandalone target not found
Native extension for WebGL target not found
Refreshing native plugins compatible for Editor in 58.50 ms, found 3 plugins.
Preloading 0 native plugins for Editor in 0.00 ms.
Mono: successfully reloaded assembly
- Completed reload, in  1.073 seconds
Domain Reload Profiling:
	ReloadAssembly (1074ms)
		BeginReloadAssembly (135ms)
			ExecutionOrderSort (0ms)
			DisableScriptedObjects (4ms)
			BackupInstance (0ms)
			ReleaseScriptingObjects (0ms)
			CreateAndSetChildDomain (17ms)
		EndReloadAssembly (877ms)
			LoadAssemblies (87ms)
			RebuildTransferFunctionScriptingTraits (0ms)
			SetupTypeCache (279ms)
			ReleaseScriptCaches (0ms)
			RebuildScriptCaches (55ms)
			SetupLoadedEditorAssemblies (345ms)
				LogAssemblyErrors (0ms)
				InitializePlatformSupportModulesInManaged (4ms)
				SetLoadedEditorAssemblies (0ms)
				RefreshPlugins (59ms)
				BeforeProcessingInitializeOnLoad (69ms)
				ProcessInitializeOnLoadAttributes (193ms)
				ProcessInitializeOnLoadMethodAttributes (14ms)
				AfterProcessingInitializeOnLoad (6ms)
				EditorAssembliesLoaded (0ms)
			ExecutionOrderSort2 (0ms)
			AwakeInstancesAfterBackupRestoration (6ms)
Platform modules already initialized, skipping
========================================================================
Worker process is ready to serve import requests
Launched and connected shader compiler UnityShaderCompiler.exe after 0.06 seconds
Refreshing native plugins compatible for Editor in 0.53 ms, found 3 plugins.
Preloading 0 native plugins for Editor in 0.00 ms.
Unloading 2346 Unused Serialized files (Serialized files now loaded: 0)
System memory in use before: 101.0 MB.
System memory in use after: 101.2 MB.

Unloading 29 unused Assets to reduce memory usage. Loaded Objects now: 2780.
Total: 3.420600 ms (FindLiveObjects: 0.334100 ms CreateObjectMapping: 0.167100 ms MarkObjects: 2.832800 ms  DeleteObjects: 0.085500 ms)

AssetImportParameters requested are different than current active one (requested -> active):
  custom:framework-win-MediaFoundation: 216162199b28c13a410421893ffa2e32 -> 
  custom:video-decoder-ogg-theora: a1e56fd34408186e4bbccfd4996cb3dc -> 
  custom:container-muxer-webm: aa71ff27fc2769a1b78a27578f13a17b -> 
  custom:container-demuxer-webm: 4f35f7cbe854078d1ac9338744f61a02 -> 
  custom:container-demuxer-ogg: 62fdf1f143b41e24485cea50d1cbac27 -> 
  custom:video-encoder-webm-vp8: eb34c28f22e8b96e1ab97ce403110664 -> 
  custom:video-decoder-webm-vp8: 9c59270c3fd7afecdb556c50c9e8de78 -> 
  custom:audio-decoder-ogg-vorbis: bf7c407c2cedff20999df2af8eb42d56 -> 
  custom:audio-encoder-webm-vorbis: bf7c407c2cedff20999df2af8eb42d56 -> 
========================================================================
Received Import Request.
  path: Assets/Game Jam Assets/Square.png
  artifactKey: Guid(2accc8e8ced24f343a755a2e7d1315fb) Importer(815301076,1909f56bfc062723c751e8b465ee728b)
Start importing Assets/Game Jam Assets/Square.png using Guid(2accc8e8ced24f343a755a2e7d1315fb) Importer(815301076,1909f56bfc062723c751e8b465ee728b)  -> (artifact id: '19b3b6582b461b0548eb52ede8b7024f') in 0.092610 seconds 
  Import took 0.096014 seconds .

========================================================================
Received Import Request.
  Time since last request: 12.700943 seconds.
  path: Assets/Prefabs/Player.prefab
  artifactKey: Guid(426102400f1c7f644b584debb283f954) Importer(815301076,1909f56bfc062723c751e8b465ee728b)
Start importing Assets/Prefabs/Player.prefab using Guid(426102400f1c7f644b584debb283f954) Importer(815301076,1909f56bfc062723c751e8b465ee728b)  -> (artifact id: '37d3e2d2662c9dda756070ca56cc13d6') in 0.041360 seconds 
  Import took 0.045624 seconds .

========================================================================
Received Import Request.
  Time since last request: 411.401970 seconds.
  path: Assets/Game Jam Assets/Background Sprites
  artifactKey: Guid(9f27c2174a3843d4c9c2178efdc068e1) Importer(815301076,1909f56bfc062723c751e8b465ee728b)
Start importing Assets/Game Jam Assets/Background Sprites using Guid(9f27c2174a3843d4c9c2178efdc068e1) Importer(815301076,1909f56bfc062723c751e8b465ee728b)  -> (artifact id: '05fb9b515a79edac2091ec9780e50f03') in 0.008831 seconds 
  Import took 0.013427 seconds .

========================================================================
Received Import Request.
  Time since last request: 22.478184 seconds.
  path: Assets/Game Jam Assets/Background Sprites/PNG
  artifactKey: Guid(76f987ca868c12f4f88a07b4559cffdd) Importer(815301076,1909f56bfc062723c751e8b465ee728b)
Start importing Assets/Game Jam Assets/Background Sprites/PNG using Guid(76f987ca868c12f4f88a07b4559cffdd) Importer(815301076,1909f56bfc062723c751e8b465ee728b)  -> (artifact id: '868fc771038037d24121fb7f151ac799') in 0.008449 seconds 
  Import took 0.011993 seconds .

========================================================================
Received Import Request.
  Time since last request: 0.588211 seconds.
  path: Assets/Game Jam Assets/Background Sprites/PNG/Presents
  artifactKey: Guid(7746ba9485b037444ae626d4e68acbb7) Importer(815301076,1909f56bfc062723c751e8b465ee728b)
Start importing Assets/Game Jam Assets/Background Sprites/PNG/Presents using Guid(7746ba9485b037444ae626d4e68acbb7) Importer(815301076,1909f56bfc062723c751e8b465ee728b)  -> (artifact id: 'ac7e93c65580059d8704ce45fd16dec2') in 0.007755 seconds 
  Import took 0.011507 seconds .

========================================================================
Received Import Request.
  Time since last request: 0.078626 seconds.
  path: Assets/Game Jam Assets/Background Sprites/PNG/Presents/Presents-1.png
  artifactKey: Guid(34d03b2968d1335458ce8ab35b25992a) Importer(815301076,1909f56bfc062723c751e8b465ee728b)
Start importing Assets/Game Jam Assets/Background Sprites/PNG/Presents/Presents-1.png using Guid(34d03b2968d1335458ce8ab35b25992a) Importer(815301076,1909f56bfc062723c751e8b465ee728b)  -> (artifact id: '05a73a82a22d0bc634f74a1d64a8cc24') in 0.014390 seconds 
  Import took 0.017856 seconds .

========================================================================
Received Import Request.
  Time since last request: 0.000173 seconds.
  path: Assets/Game Jam Assets/Background Sprites/PNG/Presents/Presents-3.png
  artifactKey: Guid(c66b53da4aca28846bcf9e9bbb09712a) Importer(815301076,1909f56bfc062723c751e8b465ee728b)
Start importing Assets/Game Jam Assets/Background Sprites/PNG/Presents/Presents-3.png using Guid(c66b53da4aca28846bcf9e9bbb09712a) Importer(815301076,1909f56bfc062723c751e8b465ee728b)  -> (artifact id: '21b29856301f22507c1abffcefd5097b') in 0.014545 seconds 
  Import took 0.017765 seconds .

========================================================================
Received Import Request.
  Time since last request: 0.000207 seconds.
  path: Assets/Game Jam Assets/Background Sprites/PNG/Presents/Presents-2.png
  artifactKey: Guid(5ae79d197c5961640a4e77636b9f956b) Importer(815301076,1909f56bfc062723c751e8b465ee728b)
Start importing Assets/Game Jam Assets/Background Sprites/PNG/Presents/Presents-2.png using Guid(5ae79d197c5961640a4e77636b9f956b) Importer(815301076,1909f56bfc062723c751e8b465ee728b)  -> (artifact id: '2da92de86ba6cffcb978935dc3cbef11') in 0.012896 seconds 
  Import took 0.016782 seconds .

========================================================================
Received Import Request.
  Time since last request: 14.528907 seconds.
  path: Assets/Scenes/TestLevel.unity
  artifactKey: Guid(6c7bb5ea8c466094abcf866caa43225f) Importer(815301076,1909f56bfc062723c751e8b465ee728b)
Start importing Assets/Scenes/TestLevel.unity using Guid(6c7bb5ea8c466094abcf866caa43225f) Importer(815301076,1909f56bfc062723c751e8b465ee728b)  -> (artifact id: '2422c5e580dac7ef1b431c099e45020b') in 0.003113 seconds 
  Import took 0.006585 seconds .

========================================================================
Received Import Request.
  Time since last request: 0.244970 seconds.
  path: Assets/Scenes/test.unity
  artifactKey: Guid(b917098cdb35b1846a7f3a14fd756521) Importer(815301076,1909f56bfc062723c751e8b465ee728b)
Start importing Assets/Scenes/test.unity using Guid(b917098cdb35b1846a7f3a14fd756521) Importer(815301076,1909f56bfc062723c751e8b465ee728b)  -> (artifact id: '66f80c37b28200caa9798d4b54c55300') in 0.002539 seconds 
  Import took 0.006223 seconds .

========================================================================
Received Import Request.
  Time since last request: 0.231609 seconds.
  path: Assets/Scenes/SampleScene.unity
  artifactKey: Guid(2cda990e2423bbf4892e6590ba056729) Importer(815301076,1909f56bfc062723c751e8b465ee728b)
Start importing Assets/Scenes/SampleScene.unity using Guid(2cda990e2423bbf4892e6590ba056729) Importer(815301076,1909f56bfc062723c751e8b465ee728b)  -> (artifact id: '1e15821e453adf1834de1a205208e7d0') in 0.006263 seconds 
  Import took 0.010253 seconds .

========================================================================
Received Import Request.
  Time since last request: 0.636657 seconds.
  path: Assets/Scenes/levels.unity
  artifactKey: Guid(cb5c65bccdaed8444bfc93ca3c495e90) Importer(815301076,1909f56bfc062723c751e8b465ee728b)
Start importing Assets/Scenes/levels.unity using Guid(cb5c65bccdaed8444bfc93ca3c495e90) Importer(815301076,1909f56bfc062723c751e8b465ee728b)  -> (artifact id: 'e697fc98d3e892389f8cf6c33e7ce6bb') in 0.007132 seconds 
  Import took 0.010854 seconds .

========================================================================
Received Import Request.
  Time since last request: 2.172694 seconds.
  path: Assets/Scripts/PlayerMovement.cs
  artifactKey: Guid(d2d14b8f2d3c3ce44bcaa7baadd6cf2f) Importer(815301076,1909f56bfc062723c751e8b465ee728b)
Start importing Assets/Scripts/PlayerMovement.cs using Guid(d2d14b8f2d3c3ce44bcaa7baadd6cf2f) Importer(815301076,1909f56bfc062723c751e8b465ee728b)  -> (artifact id: '1e39cf2f3ce94fda0232f93bb293d76c') in 0.007846 seconds 
  Import took 0.011367 seconds .

========================================================================
Received Import Request.
  Time since last request: 0.210276 seconds.
  path: Assets/Scripts/EnemyType1.cs
  artifactKey: Guid(4360f4d23c850244287dbca6eff525b8) Importer(815301076,1909f56bfc062723c751e8b465ee728b)
Start importing Assets/Scripts/EnemyType1.cs using Guid(4360f4d23c850244287dbca6eff525b8) Importer(815301076,1909f56bfc062723c751e8b465ee728b)  -> (artifact id: 'f23e5cecbbd008c2c1a0a65c75422e5d') in 0.006116 seconds 
  Import took 0.009848 seconds .

========================================================================
Received Import Request.
  Time since last request: 0.690690 seconds.
  path: Assets/Scripts/CameraSwitch.cs
  artifactKey: Guid(3412772c380a47c4ca1d5cc81457e75f) Importer(815301076,1909f56bfc062723c751e8b465ee728b)
Start importing Assets/Scripts/CameraSwitch.cs using Guid(3412772c380a47c4ca1d5cc81457e75f) Importer(815301076,1909f56bfc062723c751e8b465ee728b)  -> (artifact id: 'a8688a876bced577266d1eb89d3d00af') in 0.006077 seconds 
  Import took 0.010155 seconds .

AssetImportWorkerClient::OnTransportError - code=2 error=End of file
